  source1.cpp
c:\users\07985\desktop\yourproject\yourproject\source1.cpp(237): warning C4551: 缺少参数列表的函数调用
  coordinate.cpp
c:\users\07985\desktop\yourproject\yourproject\coordinate.cpp(22): warning C4244: “初始化”: 从“int”转换到“float”，可能丢失数据
c:\users\07985\desktop\yourproject\yourproject\coordinate.cpp(23): warning C4244: “初始化”: 从“int”转换到“float”，可能丢失数据
  Source.cpp
  piancha.cpp
c:\users\07985\desktop\yourproject\yourproject\piancha.cpp(58): warning C4244: “参数”: 从“double”转换到“int”，可能丢失数据
c:\users\07985\desktop\yourproject\yourproject\piancha.cpp(61): warning C4244: “参数”: 从“double”转换到“int”，可能丢失数据
c:\users\07985\desktop\yourproject\yourproject\piancha.cpp(62): warning C4244: “参数”: 从“double”转换到“int”，可能丢失数据
c:\users\07985\desktop\yourproject\yourproject\piancha.cpp(63): warning C4244: “参数”: 从“double”转换到“int”，可能丢失数据
c:\users\07985\desktop\yourproject\yourproject\piancha.cpp(156): warning C4244: “=”: 从“double”转换到“int”，可能丢失数据
c:\users\07985\desktop\yourproject\yourproject\piancha.cpp(157): warning C4244: “=”: 从“double”转换到“int”，可能丢失数据
  ini.cpp
c:\users\07985\desktop\yourproject\yourproject\ini.cpp(274): warning C4244: “=”: 从“double”转换到“int”，可能丢失数据
c:\users\07985\desktop\yourproject\yourproject\ini.cpp(277): warning C4244: “=”: 从“double”转换到“int”，可能丢失数据
c:\users\07985\desktop\yourproject\yourproject\ini.cpp(290): warning C4244: “=”: 从“double”转换到“int”，可能丢失数据
c:\users\07985\desktop\yourproject\yourproject\ini.cpp(293): warning C4244: “=”: 从“double”转换到“int”，可能丢失数据
c:\users\07985\desktop\yourproject\yourproject\ini.cpp(296): warning C4244: “=”: 从“double”转换到“int”，可能丢失数据
c:\users\07985\desktop\yourproject\yourproject\ini.cpp(299): warning C4244: “=”: 从“double”转换到“int”，可能丢失数据
  hough.cpp
c:\users\07985\desktop\yourproject\yourproject\hough.cpp(76): warning C4244: “参数”: 从“float”转换到“int”，可能丢失数据
c:\users\07985\desktop\yourproject\yourproject\hough.cpp(77): warning C4244: “初始化”: 从“float”转换到“int”，可能丢失数据
c:\users\07985\desktop\yourproject\yourproject\hough.cpp(100): warning C4018: “<”: 有符号/无符号不匹配
c:\users\07985\desktop\yourproject\yourproject\hough.cpp(103): warning C4018: “<”: 有符号/无符号不匹配
  func.cpp
c:\users\07985\desktop\yourproject\yourproject\func.cpp(54): warning C4244: “=”: 从“double”转换到“int”，可能丢失数据
c:\users\07985\desktop\yourproject\yourproject\func.cpp(55): warning C4244: “=”: 从“double”转换到“int”，可能丢失数据
c:\users\07985\desktop\yourproject\yourproject\func.cpp(74): warning C4244: “=”: 从“double”转换到“int”，可能丢失数据
c:\users\07985\desktop\yourproject\yourproject\func.cpp(75): warning C4244: “=”: 从“double”转换到“int”，可能丢失数据
  fillChart.cpp
  calmtf.cpp
c:\users\07985\desktop\yourproject\yourproject\calmtf.cpp(41): warning C4838: 从“int”转换到“std::mwSize”需要收缩转换
c:\users\07985\desktop\yourproject\yourproject\calmtf.cpp(126): warning C4838: 从“int”转换到“std::mwSize”需要收缩转换
  calculate.cpp
  正在生成代码...
opencv_highgui2413d.lib(opencv_highgui2413d.dll) : fatal error LNK1112: 模块计算机类型“x64”与目标计算机类型“X86”冲突
