c:\users\07985\desktop\yourproject\yourproject\x64\debug\vc140.pdb
c:\users\07985\desktop\yourproject\yourproject\x64\debug\vc140.idb
c:\users\07985\desktop\yourproject\yourproject\x64\debug\calculate.obj
c:\users\07985\desktop\yourproject\yourproject\x64\debug\calmtf.obj
c:\users\07985\desktop\yourproject\yourproject\x64\debug\fillchart.obj
c:\users\07985\desktop\yourproject\yourproject\x64\debug\func.obj
c:\users\07985\desktop\yourproject\yourproject\x64\debug\hough.obj
c:\users\07985\desktop\yourproject\yourproject\x64\debug\ini.obj
c:\users\07985\desktop\yourproject\yourproject\x64\debug\piancha.obj
c:\users\07985\desktop\yourproject\yourproject\x64\debug\coordinate.obj
c:\users\07985\desktop\yourproject\yourproject\x64\debug\source.obj
c:\users\07985\desktop\yourproject\x64\debug\yourproject.ilk
c:\users\07985\desktop\yourproject\x64\debug\yourproject.exe
c:\users\07985\desktop\yourproject\x64\debug\yourproject.pdb
c:\users\07985\desktop\yourproject\yourproject\x64\debug\yourproject.tlog\cl.command.1.tlog
c:\users\07985\desktop\yourproject\yourproject\x64\debug\yourproject.tlog\cl.read.1.tlog
c:\users\07985\desktop\yourproject\yourproject\x64\debug\yourproject.tlog\cl.write.1.tlog
c:\users\07985\desktop\yourproject\yourproject\x64\debug\yourproject.tlog\link.command.1.tlog
c:\users\07985\desktop\yourproject\yourproject\x64\debug\yourproject.tlog\link.read.1.tlog
c:\users\07985\desktop\yourproject\yourproject\x64\debug\yourproject.tlog\link.write.1.tlog
