  Source.cpp
c:\users\07985\desktop\yourproject\yourproject\source.cpp(219): warning C4551: 缺少参数列表的函数调用
  coordinate.cpp
c:\users\07985\desktop\yourproject\yourproject\coordinate.cpp(22): warning C4244: “初始化”: 从“int”转换到“float”，可能丢失数据
c:\users\07985\desktop\yourproject\yourproject\coordinate.cpp(23): warning C4244: “初始化”: 从“int”转换到“float”，可能丢失数据
  piancha.cpp
c:\users\07985\desktop\yourproject\yourproject\piancha.cpp : warning C4819: 该文件包含不能在当前代码页(936)中表示的字符。请将该文件保存为 Unicode 格式以防止数据丢失
c:\users\07985\desktop\yourproject\yourproject\piancha.cpp(123): warning C4244: “=”: 从“double”转换到“int”，可能丢失数据
c:\users\07985\desktop\yourproject\yourproject\piancha.cpp(124): warning C4244: “=”: 从“double”转换到“int”，可能丢失数据
  ini.cpp
c:\users\07985\desktop\yourproject\yourproject\ini.cpp(194): warning C4267: “=”: 从“size_t”转换到“int”，可能丢失数据
c:\users\07985\desktop\yourproject\yourproject\ini.cpp(274): warning C4244: “=”: 从“double”转换到“int”，可能丢失数据
c:\users\07985\desktop\yourproject\yourproject\ini.cpp(277): warning C4244: “=”: 从“double”转换到“int”，可能丢失数据
c:\users\07985\desktop\yourproject\yourproject\ini.cpp(290): warning C4244: “=”: 从“double”转换到“int”，可能丢失数据
c:\users\07985\desktop\yourproject\yourproject\ini.cpp(293): warning C4244: “=”: 从“double”转换到“int”，可能丢失数据
c:\users\07985\desktop\yourproject\yourproject\ini.cpp(296): warning C4244: “=”: 从“double”转换到“int”，可能丢失数据
c:\users\07985\desktop\yourproject\yourproject\ini.cpp(299): warning C4244: “=”: 从“double”转换到“int”，可能丢失数据
  hough.cpp
c:\users\07985\desktop\yourproject\yourproject\hough.cpp(76): warning C4244: “参数”: 从“float”转换到“int”，可能丢失数据
c:\users\07985\desktop\yourproject\yourproject\hough.cpp(77): warning C4244: “初始化”: 从“float”转换到“int”，可能丢失数据
  func.cpp
c:\users\07985\desktop\yourproject\yourproject\func.cpp : warning C4819: 该文件包含不能在当前代码页(936)中表示的字符。请将该文件保存为 Unicode 格式以防止数据丢失
c:\users\07985\desktop\yourproject\yourproject\func.cpp(50): warning C4101: “maxvalue”: 未引用的局部变量
c:\users\07985\desktop\yourproject\yourproject\func.cpp(126): warning C4101: “maxvalue”: 未引用的局部变量
c:\users\07985\desktop\yourproject\yourproject\func.cpp(202): warning C4101: “maxvalue”: 未引用的局部变量
c:\users\07985\desktop\yourproject\yourproject\func.cpp(278): warning C4101: “maxvalue”: 未引用的局部变量
c:\users\07985\desktop\yourproject\yourproject\func.cpp(359): warning C4244: “=”: 从“double”转换到“int”，可能丢失数据
c:\users\07985\desktop\yourproject\yourproject\func.cpp(360): warning C4244: “=”: 从“double”转换到“int”，可能丢失数据
c:\users\07985\desktop\yourproject\yourproject\func.cpp(379): warning C4244: “=”: 从“double”转换到“int”，可能丢失数据
c:\users\07985\desktop\yourproject\yourproject\func.cpp(380): warning C4244: “=”: 从“double”转换到“int”，可能丢失数据
  fillChart.cpp
  calmtf.cpp
c:\users\07985\desktop\yourproject\yourproject\calmtf.cpp(41): warning C4838: 从“int”转换到“std::mwSize”需要收缩转换
c:\users\07985\desktop\yourproject\yourproject\calmtf.cpp(126): warning C4838: 从“int”转换到“std::mwSize”需要收缩转换
  calculate.cpp
  正在生成代码...
  YourProject.vcxproj -> C:\Users\07985\Desktop\YourProject\x64\Debug\YourProject.exe
  YourProject.vcxproj -> C:\Users\07985\Desktop\YourProject\x64\Debug\YourProject.pdb (Partial PDB)
